1736750566316	geckodriver	INFO	Listening on 127.0.0.1:47313
1736750566840	mozrunner::runner	INFO	Running command: MOZ_CRASHREPORTER="1" MOZ_CRASHREPORTER_NO_REPORT="1" MOZ_CRASHREPORTER_SHUTDOWN="1" MOZ_NO_REMOTE="1" "/sbi ... ss" "--remote-debugging-port" "33139" "--remote-allow-hosts" "localhost" "-no-remote" "-profile" "/tmp/rust_mozprofileiB8qYj"
*** You are running in headless mode.
console.warn: services.settings: Ignoring preference override of remote settings server
console.warn: services.settings: Allow by setting MOZ_REMOTE_SETTINGS_DEVTOOLS=1 in the environment
1736750567062	Marionette	INFO	Marionette enabled
1736750567135	Marionette	INFO	Listening on port 41295
Read port: 41295
WebDriver BiDi listening on ws://127.0.0.1:33139
1736750567196	RemoteAgent	WARN	TLS certificate errors will be ignored for this session
[GFX1-]: RenderCompositorSWGL failed mapping default framebuffer, no dt
console.error: ({})
JavaScript error: https://pagead2.googlesyndication.com/pagead/js/adsbygoogle.js?client=ca-pub-6174445277446935, line 96: TagError: adsbygoogle.push() error: Warning: Do not add multiple property codes with AdSense tag to avoid seeing unexpected behavior. These codes were found on the page ca-pub-1761537410694296, ca-pub-6174445277446935
JavaScript error: https://pagead2.googlesyndication.com/pagead/js/adsbygoogle.js?client=ca-pub-1761537410694296, line 96: TagError: adsbygoogle.push() error: Warning: Do not add multiple property codes with AdSense tag to avoid seeing unexpected behavior. These codes were found on the page ca-pub-1761537410694296, ca-pub-6174445277446935
JavaScript error: https://pagead2.googlesyndication.com/pagead/js/adsbygoogle.js?client=ca-pub-1761537410694296, line 96: TagError: adsbygoogle.push() error: Warning: Do not add multiple property codes with AdSense tag to avoid seeing unexpected behavior. These codes were found on the page ca-pub-1761537410694296, ca-pub-6174445277446935
JavaScript error: https://pagead2.googlesyndication.com/pagead/js/adsbygoogle.js?client=ca-pub-1761537410694296, line 96: TagError: adsbygoogle.push() error: Warning: Do not add multiple property codes with AdSense tag to avoid seeing unexpected behavior. These codes were found on the page ca-pub-1761537410694296, ca-pub-6174445277446935
JavaScript error: https://www.antaranews.com/berita/4580198/jayson-tatum-cetak-38-poin-boston-celtics-kalahkan-pelicans-120-119 line 527 > injectedScript, line 1: TypeError: document.getElementsByClassName(...)[1] is undefined
JavaScript error: https://www.antaranews.com/berita/4580194/sekjen-kemendagri-atensi-harga-beras-yang-masih-di-atas-het line 527 > injectedScript, line 1: TypeError: document.getElementsByClassName(...)[1] is undefined
JavaScript error: https://pagead2.googlesyndication.com/pagead/js/adsbygoogle.js?client=ca-pub-7452133798636650, line 96: TagError: adsbygoogle.push() error: Warning: Do not add multiple property codes with AdSense tag to avoid seeing unexpected behavior. These codes were found on the page ca-pub-7452133798636650, ca-pub-6174445277446935
JavaScript error: https://pagead2.googlesyndication.com/pagead/js/adsbygoogle.js?client=ca-pub-7452133798636650, line 96: TagError: adsbygoogle.push() error: Warning: Do not add multiple property codes with AdSense tag to avoid seeing unexpected behavior. These codes were found on the page ca-pub-7452133798636650, ca-pub-6174445277446935
JavaScript error: https://pagead2.googlesyndication.com/pagead/js/adsbygoogle.js?client=ca-pub-7452133798636650, line 96: TagError: adsbygoogle.push() error: Warning: Do not add multiple property codes with AdSense tag to avoid seeing unexpected behavior. These codes were found on the page ca-pub-7452133798636650, ca-pub-6174445277446935
JavaScript error: https://pagead2.googlesyndication.com/pagead/js/adsbygoogle.js?client=ca-pub-7452133798636650, line 96: TagError: adsbygoogle.push() error: Warning: Do not add multiple property codes with AdSense tag to avoid seeing unexpected behavior. These codes were found on the page ca-pub-7452133798636650, ca-pub-6174445277446935
JavaScript error: , line 0: uncaught exception: undefined
JavaScript warning: https://www.gstatic.com/_/mss/boq-subscribewithgoogle/_/js/k=boq-subscribewithgoogle.SubscribewithgoogleClientUi.en_US.ZzdxUVNv33g.es5.O/am=GAy4AQ/d=1/excm=_b,_tp,serviceiframeview/ed=1/dg=0/wt=2/ujg=1/rs=ABXTjI7Jlm0hXNIoG7lMWFrcFMN4WbAU5Q/m=_b,_tp, line 304: Script terminated by timeout at:
c@https://www.gstatic.com/_/mss/boq-subscribewithgoogle/_/js/k=boq-subscribewithgoogle.SubscribewithgoogleClientUi.en_US.ZzdxUVNv33g.es5.O/am=GAy4AQ/d=1/excm=_b,_tp,serviceiframeview/ed=1/dg=0/wt=2/ujg=1/rs=ABXTjI7Jlm0hXNIoG7lMWFrcFMN4WbAU5Q/m=_b,_tp:304:187
b@https://www.gstatic.com/_/mss/boq-subscribewithgoogle/_/js/k=boq-subscribewithgoogle.SubscribewithgoogleClientUi.en_US.ZzdxUVNv33g.es5.O/am=GAy4AQ/d=1/excm=_b,_tp,serviceiframeview/ed=1/dg=0/wt=2/ujg=1/rs=ABXTjI7Jlm0hXNIoG7lMWFrcFMN4WbAU5Q/m=_b,_tp:295:48

JavaScript error: https://www.antaranews.com/berita/4580190/microsoft-gugat-kelompok-peretas-yang-membobol-sistem-cloud-ai line 527 > injectedScript, line 1: TypeError: document.getElementsByClassName(...)[1] is undefined
JavaScript error: , line 0: uncaught exception: undefined
JavaScript warning: https://www.gstatic.com/_/mss/boq-subscribewithgoogle/_/js/k=boq-subscribewithgoogle.SubscribewithgoogleClientUi.en_US.ZzdxUVNv33g.es5.O/am=GAy4AQ/d=1/excm=_b,_tp,serviceiframeview/ed=1/dg=0/wt=2/ujg=1/rs=ABXTjI7Jlm0hXNIoG7lMWFrcFMN4WbAU5Q/m=_b,_tp, line 304: Script terminated by timeout at:
c@https://www.gstatic.com/_/mss/boq-subscribewithgoogle/_/js/k=boq-subscribewithgoogle.SubscribewithgoogleClientUi.en_US.ZzdxUVNv33g.es5.O/am=GAy4AQ/d=1/excm=_b,_tp,serviceiframeview/ed=1/dg=0/wt=2/ujg=1/rs=ABXTjI7Jlm0hXNIoG7lMWFrcFMN4WbAU5Q/m=_b,_tp:304:187
b@https://www.gstatic.com/_/mss/boq-subscribewithgoogle/_/js/k=boq-subscribewithgoogle.SubscribewithgoogleClientUi.en_US.ZzdxUVNv33g.es5.O/am=GAy4AQ/d=1/excm=_b,_tp,serviceiframeview/ed=1/dg=0/wt=2/ujg=1/rs=ABXTjI7Jlm0hXNIoG7lMWFrcFMN4WbAU5Q/m=_b,_tp:295:48

JavaScript error: https://pagead2.googlesyndication.com/pagead/js/adsbygoogle.js?client=ca-pub-6174445277446935, line 96: TagError: adsbygoogle.push() error: Warning: Do not add multiple property codes with AdSense tag to avoid seeing unexpected behavior. These codes were found on the page ca-pub-6174445277446935, ca-pub-7452133798636650
JavaScript error: https://pagead2.googlesyndication.com/pagead/js/adsbygoogle.js?client=ca-pub-6174445277446935, line 96: TagError: adsbygoogle.push() error: Warning: Do not add multiple property codes with AdSense tag to avoid seeing unexpected behavior. These codes were found on the page ca-pub-6174445277446935, ca-pub-7452133798636650
JavaScript error: https://pagead2.googlesyndication.com/pagead/js/adsbygoogle.js?client=ca-pub-6174445277446935, line 96: TagError: adsbygoogle.push() error: Warning: Do not add multiple property codes with AdSense tag to avoid seeing unexpected behavior. These codes were found on the page ca-pub-6174445277446935, ca-pub-7452133798636650
JavaScript error: https://pagead2.googlesyndication.com/pagead/js/adsbygoogle.js?client=ca-pub-6174445277446935, line 96: TagError: adsbygoogle.push() error: Warning: Do not add multiple property codes with AdSense tag to avoid seeing unexpected behavior. These codes were found on the page ca-pub-6174445277446935, ca-pub-7452133798636650
JavaScript error: https://www.antaranews.com/berita/4580182/bksda-imbau-warga-mukomuko-tetap-mewaspadai-ancaman-harimau line 527 > injectedScript, line 1: TypeError: document.getElementsByClassName(...)[1] is undefined
JavaScript error: https://pagead2.googlesyndication.com/pagead/js/adsbygoogle.js?client=ca-pub-7452133798636650, line 96: TagError: adsbygoogle.push() error: Warning: Do not add multiple property codes with AdSense tag to avoid seeing unexpected behavior. These codes were found on the page ca-pub-6174445277446935, ca-pub-7452133798636650
JavaScript error: https://pagead2.googlesyndication.com/pagead/js/adsbygoogle.js?client=ca-pub-7452133798636650, line 96: TagError: adsbygoogle.push() error: Warning: Do not add multiple property codes with AdSense tag to avoid seeing unexpected behavior. These codes were found on the page ca-pub-6174445277446935, ca-pub-7452133798636650
JavaScript error: https://pagead2.googlesyndication.com/pagead/js/adsbygoogle.js?client=ca-pub-7452133798636650, line 96: TagError: adsbygoogle.push() error: Warning: Do not add multiple property codes with AdSense tag to avoid seeing unexpected behavior. These codes were found on the page ca-pub-6174445277446935, ca-pub-7452133798636650
JavaScript error: https://pagead2.googlesyndication.com/pagead/js/adsbygoogle.js?client=ca-pub-7452133798636650, line 96: TagError: adsbygoogle.push() error: Warning: Do not add multiple property codes with AdSense tag to avoid seeing unexpected behavior. These codes were found on the page ca-pub-6174445277446935, ca-pub-7452133798636650
JavaScript error: https://www.antaranews.com/berita/4580178/rutinitas-malam-hari-yang-bantu-jaga-kesehatan-jantung line 527 > injectedScript, line 1: TypeError: document.getElementsByClassName(...)[1] is undefined
JavaScript warning: https://pagead2.googlesyndication.com/bg/dNIx5DWZp-OCvb2UxgrLm6p_sBgxbD3rZA99js5av7Y.js line 2 > eval line 1269 > eval line 1 > eval line 1 > eval, line 1: Script terminated by timeout at:
L@https://pagead2.googlesyndication.com/bg/dNIx5DWZp-OCvb2UxgrLm6p_sBgxbD3rZA99js5av7Y.js line 2 > eval line 1269 > eval line 1 > eval line 1 > eval:1:24
@https://pagead2.googlesyndication.com/bg/dNIx5DWZp-OCvb2UxgrLm6p_sBgxbD3rZA99js5av7Y.js line 2 > eval line 1269 > eval line 1 > eval line 1 > eval:1:127
uI@https://pagead2.googlesyndication.com/bg/dNIx5DWZp-OCvb2UxgrLm6p_sBgxbD3rZA99js5av7Y.js line 2 > eval line 1269 > eval line 1 > eval line 1 > eval:1:248
F5@https://pagead2.googlesyndication.com/bg/dNIx5DWZp-OCvb2UxgrLm6p_sBgxbD3rZA99js5av7Y.js line 2 > eval line 1269 > eval line 1 > eval line 1 > eval:1:47
B.X</<@https://pagead2.googlesyndication.com/bg/dNIx5DWZp-OCvb2UxgrLm6p_sBgxbD3rZA99js5av7Y.js line 2 > eval:1269:50964
zR@https://pagead2.googlesyndication.com/bg/dNIx5DWZp-OCvb2UxgrLm6p_sBgxbD3rZA99js5av7Y.js line 2 > eval:1269:22471
KC@https://pagead2.googlesyndication.com/bg/dNIx5DWZp-OCvb2UxgrLm6p_sBgxbD3rZA99js5av7Y.js line 2 > eval:1269:11487
OG@https://pagead2.googlesyndication.com/bg/dNIx5DWZp-OCvb2UxgrLm6p_sBgxbD3rZA99js5av7Y.js line 2 > eval:1269:9631
KC/<@https://pagead2.googlesyndication.com/bg/dNIx5DWZp-OCvb2UxgrLm6p_sBgxbD3rZA99js5av7Y.js line 2 > eval:1269:11252
cs</<@https://pagead2.googlesyndication.com/bg/dNIx5DWZp-OCvb2UxgrLm6p_sBgxbD3rZA99js5av7Y.js line 2 > eval:1269:48813

JavaScript error: https://www.antaranews.com/berita/4580174/kepala-sekolah-sdn-14-duren-sawit-berharap-program-mbg-terus-berlanjut line 527 > injectedScript, line 1: TypeError: document.getElementsByClassName(...)[1] is undefined
JavaScript warning: https://pagead2.googlesyndication.com/bg/dNIx5DWZp-OCvb2UxgrLm6p_sBgxbD3rZA99js5av7Y.js line 2 > eval line 4915 > eval line 1 > eval line 1 > eval, line 1: WEBGL_debug_renderer_info is deprecated in Firefox and will be removed. Please use RENDERER.
JavaScript warning: https://www.gstatic.com/_/mss/boq-subscribewithgoogle/_/js/k=boq-subscribewithgoogle.SubscribewithgoogleClientUi.en_US.ZzdxUVNv33g.es5.O/am=GAy4AQ/d=1/excm=_b,_tp,serviceiframeview/ed=1/dg=0/wt=2/ujg=1/rs=ABXTjI7Jlm0hXNIoG7lMWFrcFMN4WbAU5Q/m=_b,_tp, line 239: Script terminated by timeout at:
_.ec<@https://www.gstatic.com/_/mss/boq-subscribewithgoogle/_/js/k=boq-subscribewithgoogle.SubscribewithgoogleClientUi.en_US.ZzdxUVNv33g.es5.O/am=GAy4AQ/d=1/excm=_b,_tp,serviceiframeview/ed=1/dg=0/wt=2/ujg=1/rs=ABXTjI7Jlm0hXNIoG7lMWFrcFMN4WbAU5Q/m=_b,_tp:239:1207
_.qe@https://www.gstatic.com/_/mss/boq-subscribewithgoogle/_/js/k=boq-subscribewithgoogle.SubscribewithgoogleClientUi.en_US.ZzdxUVNv33g.es5.O/am=GAy4AQ/d=1/excm=_b,_tp,serviceiframeview/ed=1/dg=0/wt=2/ujg=1/rs=ABXTjI7Jlm0hXNIoG7lMWFrcFMN4WbAU5Q/m=_b,_tp:78:45
_.fm@https://www.gstatic.com/_/mss/boq-subscribewithgoogle/_/js/k=boq-subscribewithgoogle.SubscribewithgoogleClientUi.en_US.ZzdxUVNv33g.es5.O/am=GAy4AQ/d=1/excm=_b,_tp,serviceiframeview/ed=1/dg=0/wt=2/ujg=1/rs=ABXTjI7Jlm0hXNIoG7lMWFrcFMN4WbAU5Q/m=_b,_tp:241:28
WI@https://www.gstatic.com/_/mss/boq-subscribewithgoogle/_/js/k=boq-subscribewithgoogle.SubscribewithgoogleClientUi.en_US.ZzdxUVNv33g.es5.O/ck=boq-subscribewithgoogle.SubscribewithgoogleClientUi.5ONYNYgrsmk.L.F4.O/am=GAy4AQ/d=1/exm=_b,_tp/excm=_b,_tp,serviceiframeview/ed=1/wt=2/ujg=1/rs=ABXTjI6sr9shOt7qJbRmSVhtc53tJb2gYA/ee=EVNhjf:pw70Gc;EmZ2Bf:zr1jrb;JsbNhc:Xd8iUd;K5nYTd:ZDZcre;LBgRLc:SdcwHb;Me32dd:MEeYgc;NPKaK:SdcwHb;NSEoX:lazG7b;Pjplud:EEDORb;QGR0gd:Mlhmy;SNUn3:ZwDk9d;ScI3Yc:e7Hzgb;Uvc8o:VDovNc;YIZmRd:A1yn5d;a56pNe:JEfCwb;cEt90b:ws9Tlc;dIoSBb:SpsfSb;dowIGb:ebZ3mb;eBAeSb:zbML3c;iFQyKf:QIhFr;lOO0Vd:OTA3Ae;nAFL3:s39S4;oGtAuc:sOXFj;pXdRYb:MdUzUe;qafBPd:yDVVkb;qddgKe:xQtZb;wR5FRb:O1Gjze;xqZiqf:wmnU7d;yxTchf:KUM7Z;zxnPse:duFQFc/m=W93Wdc:38:299
ZI@https://www.gstatic.com/_/mss/boq-subscribewithgoogle/_/js/k=boq-subscribewithgoogle.SubscribewithgoogleClientUi.en_US.ZzdxUVNv33g.es5.O/ck=boq-subscribewithgoogle.SubscribewithgoogleClientUi.5ONYNYgrsmk.L.F4.O/am=GAy4AQ/d=1/exm=_b,_tp/excm=_b,_tp,serviceiframeview/ed=1/wt=2/ujg=1/rs=ABXTjI6sr9shOt7qJbRmSVhtc53tJb2gYA/ee=EVNhjf:pw70Gc;EmZ2Bf:zr1jrb;JsbNhc:Xd8iUd;K5nYTd:ZDZcre;LBgRLc:SdcwHb;Me32dd:MEeYgc;NPKaK:SdcwHb;NSEoX:lazG7b;Pjplud:EEDORb;QGR0gd:Mlhmy;SNUn3:ZwDk9d;ScI3Yc:e7Hzgb;Uvc8o:VDovNc;YIZmRd:A1yn5d;a56pNe:JEfCwb;cEt90b:ws9Tlc;dIoSBb:SpsfSb;dowIGb:ebZ3mb;eBAeSb:zbML3c;iFQyKf:QIhFr;lOO0Vd:OTA3Ae;nAFL3:s39S4;oGtAuc:sOXFj;pXdRYb:MdUzUe;qafBPd:yDVVkb;qddgKe:xQtZb;wR5FRb:O1Gjze;xqZiqf:wmnU7d;yxTchf:KUM7Z;zxnPse:duFQFc/m=W93Wdc:38:238
cJ.prototype.Da@https://www.gstatic.com/_/mss/boq-subscribewithgoogle/_/js/k=boq-subscribewithgoogle.SubscribewithgoogleClientUi.en_US.ZzdxUVNv33g.es5.O/ck=boq-subscribewithgoogle.SubscribewithgoogleClientUi.5ONYNYgrsmk.L.F4.O/am=GAy4AQ/d=1/exm=_b,_tp/excm=_b,_tp,serviceiframeview/ed=1/wt=2/ujg=1/rs=ABXTjI6sr9shOt7qJbRmSVhtc53tJb2gYA/ee=EVNhjf:pw70Gc;EmZ2Bf:zr1jrb;JsbNhc:Xd8iUd;K5nYTd:ZDZcre;LBgRLc:SdcwHb;Me32dd:MEeYgc;NPKaK:SdcwHb;NSEoX:lazG7b;Pjplud:EEDORb;QGR0gd:Mlhmy;SNUn3:ZwDk9d;ScI3Yc:e7Hzgb;Uvc8o:VDovNc;YIZmRd:A1yn5d;a56pNe:JEfCwb;cEt90b:ws9Tlc;dIoSBb:SpsfSb;dowIGb:ebZ3mb;eBAeSb:zbML3c;iFQyKf:QIhFr;lOO0Vd:OTA3Ae;nAFL3:s39S4;oGtAuc:sOXFj;pXdRYb:MdUzUe;qafBPd:yDVVkb;qddgKe:xQtZb;wR5FRb:O1Gjze;xqZiqf:wmnU7d;yxTchf:KUM7Z;zxnPse:duFQFc/m=W93Wdc:50:133
cJ/<@https://www.gstatic.com/_/mss/boq-subscribewithgoogle/_/js/k=boq-subscribewithgoogle.SubscribewithgoogleClientUi.en_US.ZzdxUVNv33g.es5.O/ck=boq-subscribewithgoogle.SubscribewithgoogleClientUi.5ONYNYgrsmk.L.F4.O/am=GAy4AQ/d=1/exm=_b,_tp/excm=_b,_tp,serviceiframeview/ed=1/wt=2/ujg=1/rs=ABXTjI6sr9shOt7qJbRmSVhtc53tJb2gYA/ee=EVNhjf:pw70Gc;EmZ2Bf:zr1jrb;JsbNhc:Xd8iUd;K5nYTd:ZDZcre;LBgRLc:SdcwHb;Me32dd:MEeYgc;NPKaK:SdcwHb;NSEoX:lazG7b;Pjplud:EEDORb;QGR0gd:Mlhmy;SNUn3:ZwDk9d;ScI3Yc:e7Hzgb;Uvc8o:VDovNc;YIZmRd:A1yn5d;a56pNe:JEfCwb;cEt90b:ws9Tlc;dIoSBb:SpsfSb;dowIGb:ebZ3mb;eBAeSb:zbML3c;iFQyKf:QIhFr;lOO0Vd:OTA3Ae;nAFL3:s39S4;oGtAuc:sOXFj;pXdRYb:MdUzUe;qafBPd:yDVVkb;qddgKe:xQtZb;wR5FRb:O1Gjze;xqZiqf:wmnU7d;yxTchf:KUM7Z;zxnPse:duFQFc/m=W93Wdc:43:374

JavaScript error: https://www.antaranews.com/berita/4580170/pbnu-sebut-libatkan-umkm-pasok-bahan-makanan-program-mbg line 527 > injectedScript, line 1: TypeError: document.getElementsByClassName(...)[1] is undefined
JavaScript error: https://pagead2.googlesyndication.com/pagead/js/adsbygoogle.js?client=ca-pub-7452133798636650, line 96: TagError: adsbygoogle.push() error: Warning: Do not add multiple property codes with AdSense tag to avoid seeing unexpected behavior. These codes were found on the page ca-pub-7452133798636650, ca-pub-6174445277446935
JavaScript error: https://pagead2.googlesyndication.com/pagead/js/adsbygoogle.js?client=ca-pub-7452133798636650, line 96: TagError: adsbygoogle.push() error: Warning: Do not add multiple property codes with AdSense tag to avoid seeing unexpected behavior. These codes were found on the page ca-pub-7452133798636650, ca-pub-6174445277446935
JavaScript error: https://pagead2.googlesyndication.com/pagead/js/adsbygoogle.js?client=ca-pub-7452133798636650, line 96: TagError: adsbygoogle.push() error: Warning: Do not add multiple property codes with AdSense tag to avoid seeing unexpected behavior. These codes were found on the page ca-pub-7452133798636650, ca-pub-6174445277446935
JavaScript error: https://pagead2.googlesyndication.com/pagead/js/adsbygoogle.js?client=ca-pub-7452133798636650, line 96: TagError: adsbygoogle.push() error: Warning: Do not add multiple property codes with AdSense tag to avoid seeing unexpected behavior. These codes were found on the page ca-pub-7452133798636650, ca-pub-6174445277446935
JavaScript warning: https://pagead2.googlesyndication.com/bg/dNIx5DWZp-OCvb2UxgrLm6p_sBgxbD3rZA99js5av7Y.js line 2 > eval line 6932 > eval line 1 > eval line 1 > eval, line 1: WEBGL_debug_renderer_info is deprecated in Firefox and will be removed. Please use RENDERER.
JavaScript error: https://www.antaranews.com/berita/4580166/pco-kerja-sama-mbg-ri-jepang-akan-didiskusikan-lintas-kementerian line 527 > injectedScript, line 1: TypeError: document.getElementsByClassName(...)[1] is undefined
JavaScript error: https://pagead2.googlesyndication.com/pagead/js/adsbygoogle.js?client=ca-pub-1761537410694296, line 96: TagError: adsbygoogle.push() error: Warning: Do not add multiple property codes with AdSense tag to avoid seeing unexpected behavior. These codes were found on the page ca-pub-1761537410694296, ca-pub-7452133798636650
JavaScript error: https://pagead2.googlesyndication.com/pagead/js/adsbygoogle.js?client=ca-pub-1761537410694296, line 96: TagError: adsbygoogle.push() error: Warning: Do not add multiple property codes with AdSense tag to avoid seeing unexpected behavior. These codes were found on the page ca-pub-1761537410694296, ca-pub-7452133798636650
JavaScript error: https://pagead2.googlesyndication.com/pagead/js/adsbygoogle.js?client=ca-pub-1761537410694296, line 96: TagError: adsbygoogle.push() error: Warning: Do not add multiple property codes with AdSense tag to avoid seeing unexpected behavior. These codes were found on the page ca-pub-1761537410694296, ca-pub-7452133798636650
JavaScript error: https://pagead2.googlesyndication.com/pagead/js/adsbygoogle.js?client=ca-pub-1761537410694296, line 96: TagError: adsbygoogle.push() error: Warning: Do not add multiple property codes with AdSense tag to avoid seeing unexpected behavior. These codes were found on the page ca-pub-1761537410694296, ca-pub-7452133798636650
Exiting due to channel error.
Exiting due to channel error.
Exiting due to channel error.
Exiting due to channel error.
Exiting due to channel error.
1736750613115	geckodriver	INFO	Listening on 127.0.0.1:43187
1736750613637	mozrunner::runner	INFO	Running command: MOZ_CRASHREPORTER="1" MOZ_CRASHREPORTER_NO_REPORT="1" MOZ_CRASHREPORTER_SHUTDOWN="1" MOZ_NO_REMOTE="1" "/sbi ... ss" "--remote-debugging-port" "58887" "--remote-allow-hosts" "localhost" "-no-remote" "-profile" "/tmp/rust_mozprofileY0Hf3P"
*** You are running in headless mode.
console.warn: services.settings: Ignoring preference override of remote settings server
console.warn: services.settings: Allow by setting MOZ_REMOTE_SETTINGS_DEVTOOLS=1 in the environment
1736750613882	Marionette	INFO	Marionette enabled
1736750613964	Marionette	INFO	Listening on port 39047
WebDriver BiDi listening on ws://127.0.0.1:58887
Read port: 39047
1736750614118	RemoteAgent	WARN	TLS certificate errors will be ignored for this session
[GFX1-]: RenderCompositorSWGL failed mapping default framebuffer, no dt
console.error: ({})
JavaScript error: https://www.antaranews.com/berita/4580198/jayson-tatum-cetak-38-poin-boston-celtics-kalahkan-pelicans-120-119 line 527 > injectedScript, line 1: TypeError: document.getElementsByClassName(...)[1] is undefined
JavaScript error: https://www.antaranews.com/berita/4580194/sekjen-kemendagri-atensi-harga-beras-yang-masih-di-atas-het line 527 > injectedScript, line 1: TypeError: document.getElementsByClassName(...)[1] is undefined
JavaScript error: , line 0: uncaught exception: undefined
JavaScript warning: https://www.gstatic.com/_/mss/boq-subscribewithgoogle/_/js/k=boq-subscribewithgoogle.SubscribewithgoogleClientUi.en_US.ZzdxUVNv33g.es5.O/am=GAy4AQ/d=1/excm=_b,_tp,serviceiframeview/ed=1/dg=0/wt=2/ujg=1/rs=ABXTjI7Jlm0hXNIoG7lMWFrcFMN4WbAU5Q/m=_b,_tp, line 304: Script terminated by timeout at:
c@https://www.gstatic.com/_/mss/boq-subscribewithgoogle/_/js/k=boq-subscribewithgoogle.SubscribewithgoogleClientUi.en_US.ZzdxUVNv33g.es5.O/am=GAy4AQ/d=1/excm=_b,_tp,serviceiframeview/ed=1/dg=0/wt=2/ujg=1/rs=ABXTjI7Jlm0hXNIoG7lMWFrcFMN4WbAU5Q/m=_b,_tp:304:187
b@https://www.gstatic.com/_/mss/boq-subscribewithgoogle/_/js/k=boq-subscribewithgoogle.SubscribewithgoogleClientUi.en_US.ZzdxUVNv33g.es5.O/am=GAy4AQ/d=1/excm=_b,_tp,serviceiframeview/ed=1/dg=0/wt=2/ujg=1/rs=ABXTjI7Jlm0hXNIoG7lMWFrcFMN4WbAU5Q/m=_b,_tp:295:48

JavaScript error: https://pagead2.googlesyndication.com/pagead/js/adsbygoogle.js?client=ca-pub-7452133798636650, line 96: TagError: adsbygoogle.push() error: Warning: Do not add multiple property codes with AdSense tag to avoid seeing unexpected behavior. These codes were found on the page ca-pub-7452133798636650, ca-pub-6174445277446935
JavaScript error: https://pagead2.googlesyndication.com/pagead/js/adsbygoogle.js?client=ca-pub-7452133798636650, line 96: TagError: adsbygoogle.push() error: Warning: Do not add multiple property codes with AdSense tag to avoid seeing unexpected behavior. These codes were found on the page ca-pub-7452133798636650, ca-pub-6174445277446935
JavaScript error: https://pagead2.googlesyndication.com/pagead/js/adsbygoogle.js?client=ca-pub-7452133798636650, line 96: TagError: adsbygoogle.push() error: Warning: Do not add multiple property codes with AdSense tag to avoid seeing unexpected behavior. These codes were found on the page ca-pub-7452133798636650, ca-pub-6174445277446935
JavaScript error: https://pagead2.googlesyndication.com/pagead/js/adsbygoogle.js?client=ca-pub-7452133798636650, line 96: TagError: adsbygoogle.push() error: Warning: Do not add multiple property codes with AdSense tag to avoid seeing unexpected behavior. These codes were found on the page ca-pub-7452133798636650, ca-pub-6174445277446935
JavaScript error: https://www.antaranews.com/berita/4580190/microsoft-gugat-kelompok-peretas-yang-membobol-sistem-cloud-ai line 527 > injectedScript, line 1: TypeError: document.getElementsByClassName(...)[1] is undefined
JavaScript error: resource://devtools/client/jsonview/Sniffer.sys.mjs, line 53: NS_ERROR_NOT_AVAILABLE: Component returned failure code: 0x80040111 (NS_ERROR_NOT_AVAILABLE) [nsIChannel.contentType]
JavaScript warning: https://www.gstatic.com/_/mss/boq-subscribewithgoogle/_/js/k=boq-subscribewithgoogle.SubscribewithgoogleClientUi.en_US.ZzdxUVNv33g.es5.O/am=GAy4AQ/d=1/excm=_b,_tp,serviceiframeview/ed=1/dg=0/wt=2/ujg=1/rs=ABXTjI7Jlm0hXNIoG7lMWFrcFMN4WbAU5Q/m=_b,_tp, line 304: Script terminated by timeout at:
c@https://www.gstatic.com/_/mss/boq-subscribewithgoogle/_/js/k=boq-subscribewithgoogle.SubscribewithgoogleClientUi.en_US.ZzdxUVNv33g.es5.O/am=GAy4AQ/d=1/excm=_b,_tp,serviceiframeview/ed=1/dg=0/wt=2/ujg=1/rs=ABXTjI7Jlm0hXNIoG7lMWFrcFMN4WbAU5Q/m=_b,_tp:304:187
b@https://www.gstatic.com/_/mss/boq-subscribewithgoogle/_/js/k=boq-subscribewithgoogle.SubscribewithgoogleClientUi.en_US.ZzdxUVNv33g.es5.O/am=GAy4AQ/d=1/excm=_b,_tp,serviceiframeview/ed=1/dg=0/wt=2/ujg=1/rs=ABXTjI7Jlm0hXNIoG7lMWFrcFMN4WbAU5Q/m=_b,_tp:295:48

JavaScript error: https://pagead2.googlesyndication.com/pagead/js/adsbygoogle.js?client=ca-pub-6174445277446935, line 96: TagError: adsbygoogle.push() error: Warning: Do not add multiple property codes with AdSense tag to avoid seeing unexpected behavior. These codes were found on the page ca-pub-6174445277446935, ca-pub-7452133798636650
JavaScript error: https://pagead2.googlesyndication.com/pagead/js/adsbygoogle.js?client=ca-pub-6174445277446935, line 96: TagError: adsbygoogle.push() error: Warning: Do not add multiple property codes with AdSense tag to avoid seeing unexpected behavior. These codes were found on the page ca-pub-6174445277446935, ca-pub-7452133798636650
JavaScript error: https://pagead2.googlesyndication.com/pagead/js/adsbygoogle.js?client=ca-pub-6174445277446935, line 96: TagError: adsbygoogle.push() error: Warning: Do not add multiple property codes with AdSense tag to avoid seeing unexpected behavior. These codes were found on the page ca-pub-6174445277446935, ca-pub-7452133798636650
JavaScript error: https://pagead2.googlesyndication.com/pagead/js/adsbygoogle.js?client=ca-pub-6174445277446935, line 96: TagError: adsbygoogle.push() error: Warning: Do not add multiple property codes with AdSense tag to avoid seeing unexpected behavior. These codes were found on the page ca-pub-6174445277446935, ca-pub-7452133798636650
JavaScript error: https://www.antaranews.com/berita/4580182/bksda-imbau-warga-mukomuko-tetap-mewaspadai-ancaman-harimau line 527 > injectedScript, line 1: TypeError: document.getElementsByClassName(...)[1] is undefined
JavaScript warning: https://pagead2.googlesyndication.com/bg/dNIx5DWZp-OCvb2UxgrLm6p_sBgxbD3rZA99js5av7Y.js line 2 > eval line 6506 > eval line 1 > eval line 1 > eval, line 1: Script terminated by timeout at:
L@https://pagead2.googlesyndication.com/bg/dNIx5DWZp-OCvb2UxgrLm6p_sBgxbD3rZA99js5av7Y.js line 2 > eval line 6506 > eval line 1 > eval line 1 > eval:1:24
@https://pagead2.googlesyndication.com/bg/dNIx5DWZp-OCvb2UxgrLm6p_sBgxbD3rZA99js5av7Y.js line 2 > eval line 6506 > eval line 1 > eval line 1 > eval:1:127
uI@https://pagead2.googlesyndication.com/bg/dNIx5DWZp-OCvb2UxgrLm6p_sBgxbD3rZA99js5av7Y.js line 2 > eval line 6506 > eval line 1 > eval line 1 > eval:1:248
F5@https://pagead2.googlesyndication.com/bg/dNIx5DWZp-OCvb2UxgrLm6p_sBgxbD3rZA99js5av7Y.js line 2 > eval line 6506 > eval line 1 > eval line 1 > eval:1:47
B.X</<@https://pagead2.googlesyndication.com/bg/dNIx5DWZp-OCvb2UxgrLm6p_sBgxbD3rZA99js5av7Y.js line 2 > eval:6506:50964
zR@https://pagead2.googlesyndication.com/bg/dNIx5DWZp-OCvb2UxgrLm6p_sBgxbD3rZA99js5av7Y.js line 2 > eval:6506:22471
KC@https://pagead2.googlesyndication.com/bg/dNIx5DWZp-OCvb2UxgrLm6p_sBgxbD3rZA99js5av7Y.js line 2 > eval:6506:11487
OG@https://pagead2.googlesyndication.com/bg/dNIx5DWZp-OCvb2UxgrLm6p_sBgxbD3rZA99js5av7Y.js line 2 > eval:6506:9631
KC/<@https://pagead2.googlesyndication.com/bg/dNIx5DWZp-OCvb2UxgrLm6p_sBgxbD3rZA99js5av7Y.js line 2 > eval:6506:11252
cs</<@https://pagead2.googlesyndication.com/bg/dNIx5DWZp-OCvb2UxgrLm6p_sBgxbD3rZA99js5av7Y.js line 2 > eval:6506:48813

JavaScript error: https://pagead2.googlesyndication.com/pagead/js/adsbygoogle.js?client=ca-pub-1761537410694296, line 96: TagError: adsbygoogle.push() error: Warning: Do not add multiple property codes with AdSense tag to avoid seeing unexpected behavior. These codes were found on the page ca-pub-7452133798636650, ca-pub-1761537410694296
JavaScript error: https://pagead2.googlesyndication.com/pagead/js/adsbygoogle.js?client=ca-pub-1761537410694296, line 96: TagError: adsbygoogle.push() error: Warning: Do not add multiple property codes with AdSense tag to avoid seeing unexpected behavior. These codes were found on the page ca-pub-7452133798636650, ca-pub-1761537410694296
JavaScript error: https://pagead2.googlesyndication.com/pagead/js/adsbygoogle.js?client=ca-pub-1761537410694296, line 96: TagError: adsbygoogle.push() error: Warning: Do not add multiple property codes with AdSense tag to avoid seeing unexpected behavior. These codes were found on the page ca-pub-7452133798636650, ca-pub-1761537410694296
JavaScript error: https://pagead2.googlesyndication.com/pagead/js/adsbygoogle.js?client=ca-pub-1761537410694296, line 96: TagError: adsbygoogle.push() error: Warning: Do not add multiple property codes with AdSense tag to avoid seeing unexpected behavior. These codes were found on the page ca-pub-7452133798636650, ca-pub-1761537410694296
JavaScript error: https://www.antaranews.com/berita/4580178/rutinitas-malam-hari-yang-bantu-jaga-kesehatan-jantung line 527 > injectedScript, line 1: TypeError: document.getElementsByClassName(...)[1] is undefined
JavaScript warning: https://pagead2.googlesyndication.com/bg/dNIx5DWZp-OCvb2UxgrLm6p_sBgxbD3rZA99js5av7Y.js line 2 > eval line 2369 > eval line 1 > eval line 1 > eval, line 1: WEBGL_debug_renderer_info is deprecated in Firefox and will be removed. Please use RENDERER.
Exiting due to channel error.
Exiting due to channel error.
Exiting due to channel error.
Exiting due to channel error.
Exiting due to channel error.
Exiting due to channel error.
Exiting due to channel error.
Exiting due to channel error.
1736750968729	geckodriver	INFO	Listening on 127.0.0.1:48791
1736750969261	mozrunner::runner	INFO	Running command: MOZ_CRASHREPORTER="1" MOZ_CRASHREPORTER_NO_REPORT="1" MOZ_CRASHREPORTER_SHUTDOWN="1" MOZ_NO_REMOTE="1" "/sbi ... ss" "--remote-debugging-port" "37295" "--remote-allow-hosts" "localhost" "-no-remote" "-profile" "/tmp/rust_mozprofileMubwNe"
*** You are running in headless mode.
console.warn: services.settings: Ignoring preference override of remote settings server
console.warn: services.settings: Allow by setting MOZ_REMOTE_SETTINGS_DEVTOOLS=1 in the environment
1736750969487	Marionette	INFO	Marionette enabled
1736750969559	Marionette	INFO	Listening on port 39099
Read port: 39099
WebDriver BiDi listening on ws://127.0.0.1:37295
1736750969618	RemoteAgent	WARN	TLS certificate errors will be ignored for this session
[GFX1-]: RenderCompositorSWGL failed mapping default framebuffer, no dt
console.error: ({})
JavaScript error: https://pagead2.googlesyndication.com/pagead/js/adsbygoogle.js?client=ca-pub-6174445277446935, line 96: TagError: adsbygoogle.push() error: Warning: Do not add multiple property codes with AdSense tag to avoid seeing unexpected behavior. These codes were found on the page ca-pub-1761537410694296, ca-pub-6174445277446935
JavaScript error: https://pagead2.googlesyndication.com/pagead/js/adsbygoogle.js?client=ca-pub-1761537410694296, line 96: TagError: adsbygoogle.push() error: Warning: Do not add multiple property codes with AdSense tag to avoid seeing unexpected behavior. These codes were found on the page ca-pub-1761537410694296, ca-pub-6174445277446935
JavaScript error: https://pagead2.googlesyndication.com/pagead/js/adsbygoogle.js?client=ca-pub-1761537410694296, line 96: TagError: adsbygoogle.push() error: Warning: Do not add multiple property codes with AdSense tag to avoid seeing unexpected behavior. These codes were found on the page ca-pub-1761537410694296, ca-pub-6174445277446935
JavaScript error: https://pagead2.googlesyndication.com/pagead/js/adsbygoogle.js?client=ca-pub-1761537410694296, line 96: TagError: adsbygoogle.push() error: Warning: Do not add multiple property codes with AdSense tag to avoid seeing unexpected behavior. These codes were found on the page ca-pub-1761537410694296, ca-pub-6174445277446935
JavaScript error: https://www.antaranews.com/berita/4580222/klh-akan-dalami-laporan-terkait-pagar-laut-pesisir-di-tangerang line 527 > injectedScript, line 1: TypeError: document.getElementsByClassName(...)[1] is undefined
JavaScript error: https://www.antaranews.com/berita/4580218/lakers-dan-clippers-kembali-gelar-laga-di-los-angeles-usai-kebakaran line 527 > injectedScript, line 1: TypeError: document.getElementsByClassName(...)[1] is undefined
JavaScript error: , line 0: uncaught exception: undefined
JavaScript error: https://www.antaranews.com/berita/4580214/menko-kepergian-hasjim-djalal-kehilangan-besar-bagi-bangsa-indonesia line 527 > injectedScript, line 1: TypeError: document.getElementsByClassName(...)[1] is undefined
JavaScript warning: https://pagead2.googlesyndication.com/bg/-ZrLev80KaSl5LH5OCbnZGHu6yLSb3tRGuwaxGVnUsM.js line 2 > eval line 3836 > eval line 1 > eval line 1 > eval, line 1: Script terminated by timeout at:
b@https://pagead2.googlesyndication.com/bg/-ZrLev80KaSl5LH5OCbnZGHu6yLSb3tRGuwaxGVnUsM.js line 2 > eval line 3836 > eval line 1 > eval line 1 > eval:1:24
@https://pagead2.googlesyndication.com/bg/-ZrLev80KaSl5LH5OCbnZGHu6yLSb3tRGuwaxGVnUsM.js line 2 > eval line 3836 > eval line 1 > eval line 1 > eval:1:66
fb@https://pagead2.googlesyndication.com/bg/-ZrLev80KaSl5LH5OCbnZGHu6yLSb3tRGuwaxGVnUsM.js line 2 > eval line 3836 > eval line 1 > eval line 1 > eval:1:203
JZ@https://pagead2.googlesyndication.com/bg/-ZrLev80KaSl5LH5OCbnZGHu6yLSb3tRGuwaxGVnUsM.js line 2 > eval line 3836 > eval line 1 > eval line 1 > eval:1:48
@https://pagead2.googlesyndication.com/bg/-ZrLev80KaSl5LH5OCbnZGHu6yLSb3tRGuwaxGVnUsM.js line 2 > eval:3836:50962
Dr@https://pagead2.googlesyndication.com/bg/-ZrLev80KaSl5LH5OCbnZGHu6yLSb3tRGuwaxGVnUsM.js line 2 > eval:3836:35136
$P@https://pagead2.googlesyndication.com/bg/-ZrLev80KaSl5LH5OCbnZGHu6yLSb3tRGuwaxGVnUsM.js line 2 > eval:3836:16798
M@https://pagead2.googlesyndication.com/bg/-ZrLev80KaSl5LH5OCbnZGHu6yLSb3tRGuwaxGVnUsM.js line 2 > eval:3836:11734
$P/<@https://pagead2.googlesyndication.com/bg/-ZrLev80KaSl5LH5OCbnZGHu6yLSb3tRGuwaxGVnUsM.js line 2 > eval:3836:17281
C1</<@https://pagead2.googlesyndication.com/bg/-ZrLev80KaSl5LH5OCbnZGHu6yLSb3tRGuwaxGVnUsM.js line 2 > eval:3836:48971

JavaScript error: https://pagead2.googlesyndication.com/pagead/js/adsbygoogle.js?client=ca-pub-7452133798636650, line 96: TagError: adsbygoogle.push() error: Warning: Do not add multiple property codes with AdSense tag to avoid seeing unexpected behavior. These codes were found on the page ca-pub-7452133798636650, ca-pub-1761537410694296
JavaScript error: https://pagead2.googlesyndication.com/pagead/js/adsbygoogle.js?client=ca-pub-7452133798636650, line 96: TagError: adsbygoogle.push() error: Warning: Do not add multiple property codes with AdSense tag to avoid seeing unexpected behavior. These codes were found on the page ca-pub-7452133798636650, ca-pub-1761537410694296
JavaScript error: https://pagead2.googlesyndication.com/pagead/js/adsbygoogle.js?client=ca-pub-7452133798636650, line 96: TagError: adsbygoogle.push() error: Warning: Do not add multiple property codes with AdSense tag to avoid seeing unexpected behavior. These codes were found on the page ca-pub-7452133798636650, ca-pub-1761537410694296
JavaScript error: https://pagead2.googlesyndication.com/pagead/js/adsbygoogle.js?client=ca-pub-7452133798636650, line 96: TagError: adsbygoogle.push() error: Warning: Do not add multiple property codes with AdSense tag to avoid seeing unexpected behavior. These codes were found on the page ca-pub-7452133798636650, ca-pub-1761537410694296
JavaScript error: https://www.antaranews.com/berita/4580210/menkomdigi-minta-pejabat-baru-berkolaborasi-dan-hindari-pemborosan line 527 > injectedScript, line 1: TypeError: document.getElementsByClassName(...)[1] is undefined
JavaScript warning: https://pagead2.googlesyndication.com/bg/-ZrLev80KaSl5LH5OCbnZGHu6yLSb3tRGuwaxGVnUsM.js line 2 > eval line 3949 > eval line 1 > eval line 1 > eval, line 1: WEBGL_debug_renderer_info is deprecated in Firefox and will be removed. Please use RENDERER.
JavaScript warning: https://www.gstatic.com/_/mss/boq-subscribewithgoogle/_/js/k=boq-subscribewithgoogle.SubscribewithgoogleClientUi.en_US.ZzdxUVNv33g.es5.O/ck=boq-subscribewithgoogle.SubscribewithgoogleClientUi.5ONYNYgrsmk.L.F4.O/am=GAy4AQ/d=1/exm=FCpbqb,LEikZe,P6sQOc,W93Wdc,WhJNk,Wt6vjf,_b,_tp,hhhU8/excm=_b,_tp,serviceiframeview/ed=1/wt=2/ujg=1/rs=ABXTjI6sr9shOt7qJbRmSVhtc53tJb2gYA/ee=EVNhjf:pw70Gc;EmZ2Bf:zr1jrb;JsbNhc:Xd8iUd;K5nYTd:ZDZcre;LBgRLc:SdcwHb;Me32dd:MEeYgc;NPKaK:SdcwHb;NSEoX:lazG7b;Pjplud:EEDORb;QGR0gd:Mlhmy;SNUn3:ZwDk9d;ScI3Yc:e7Hzgb;Uvc8o:VDovNc;YIZmRd:A1yn5d;a56pNe:JEfCwb;cEt90b:ws9Tlc;dIoSBb:SpsfSb;dowIGb:ebZ3mb;eBAeSb:zbML3c;iFQyKf:QIhFr;lOO0Vd:OTA3Ae;nAFL3:s39S4;oGtAuc:sOXFj;pXdRYb:MdUzUe;qafBPd:yDVVkb;qddgKe:xQtZb;wR5FRb:O1Gjze;xqZiqf:wmnU7d;yxTchf:KUM7Z;zxnPse:duFQFc/m=p3hmRc,LvGhrf,RqjULd, line 26: Script terminated by timeout at:
cK/<@https://www.gstatic.com/_/mss/boq-subscribewithgoogle/_/js/k=boq-subscribewithgoogle.SubscribewithgoogleClientUi.en_US.ZzdxUVNv33g.es5.O/ck=boq-subscribewithgoogle.SubscribewithgoogleClientUi.5ONYNYgrsmk.L.F4.O/am=GAy4AQ/d=1/exm=FCpbqb,LEikZe,P6sQOc,W93Wdc,WhJNk,Wt6vjf,_b,_tp,hhhU8/excm=_b,_tp,serviceiframeview/ed=1/wt=2/ujg=1/rs=ABXTjI6sr9shOt7qJbRmSVhtc53tJb2gYA/ee=EVNhjf:pw70Gc;EmZ2Bf:zr1jrb;JsbNhc:Xd8iUd;K5nYTd:ZDZcre;LBgRLc:SdcwHb;Me32dd:MEeYgc;NPKaK:SdcwHb;NSEoX:lazG7b;Pjplud:EEDORb;QGR0gd:Mlhmy;SNUn3:ZwDk9d;ScI3Yc:e7Hzgb;Uvc8o:VDovNc;YIZmRd:A1yn5d;a56pNe:JEfCwb;cEt90b:ws9Tlc;dIoSBb:SpsfSb;dowIGb:ebZ3mb;eBAeSb:zbML3c;iFQyKf:QIhFr;lOO0Vd:OTA3Ae;nAFL3:s39S4;oGtAuc:sOXFj;pXdRYb:MdUzUe;qafBPd:yDVVkb;qddgKe:xQtZb;wR5FRb:O1Gjze;xqZiqf:wmnU7d;yxTchf:KUM7Z;zxnPse:duFQFc/m=p3hmRc,LvGhrf,RqjULd:26:901
bK/<@https://www.gstatic.com/_/mss/boq-subscribewithgoogle/_/js/k=boq-subscribewithgoogle.SubscribewithgoogleClientUi.en_US.ZzdxUVNv33g.es5.O/ck=boq-subscribewithgoogle.SubscribewithgoogleClientUi.5ONYNYgrsmk.L.F4.O/am=GAy4AQ/d=1/exm=FCpbqb,LEikZe,P6sQOc,W93Wdc,WhJNk,Wt6vjf,_b,_tp,hhhU8/excm=_b,_tp,serviceiframeview/ed=1/wt=2/ujg=1/rs=ABXTjI6sr9shOt7qJbRmSVhtc53tJb2gYA/ee=EVNhjf:pw70Gc;EmZ2Bf:zr1jrb;JsbNhc:Xd8iUd;K5nYTd:ZDZcre;LBgRLc:SdcwHb;Me32dd:MEeYgc;NPKaK:SdcwHb;NSEoX:lazG7b;Pjplud:EEDORb;QGR0gd:Mlhmy;SNUn3:ZwDk9d;ScI3Yc:e7Hzgb;Uvc8o:VDovNc;YIZmRd:A1yn5d;a56pNe:JEfCwb;cEt90b:ws9Tlc;dIoSBb:SpsfSb;dowIGb:ebZ3mb;eBAeSb:zbML3c;iFQyKf:QIhFr;lOO0Vd:OTA3Ae;nAFL3:s39S4;oGtAuc:sOXFj;pXdRYb:MdUzUe;qafBPd:yDVVkb;qddgKe:xQtZb;wR5FRb:O1Gjze;xqZiqf:wmnU7d;yxTchf:KUM7Z;zxnPse:duFQFc/m=p3hmRc,LvGhrf,RqjULd:26:835

JavaScript error: https://pagead2.googlesyndication.com/pagead/js/adsbygoogle.js?client=ca-pub-7452133798636650, line 96: TagError: adsbygoogle.push() error: Warning: Do not add multiple property codes with AdSense tag to avoid seeing unexpected behavior. These codes were found on the page ca-pub-7452133798636650, ca-pub-1761537410694296
JavaScript error: https://pagead2.googlesyndication.com/pagead/js/adsbygoogle.js?client=ca-pub-7452133798636650, line 96: TagError: adsbygoogle.push() error: Warning: Do not add multiple property codes with AdSense tag to avoid seeing unexpected behavior. These codes were found on the page ca-pub-7452133798636650, ca-pub-1761537410694296
JavaScript error: https://pagead2.googlesyndication.com/pagead/js/adsbygoogle.js?client=ca-pub-7452133798636650, line 96: TagError: adsbygoogle.push() error: Warning: Do not add multiple property codes with AdSense tag to avoid seeing unexpected behavior. These codes were found on the page ca-pub-7452133798636650, ca-pub-1761537410694296
JavaScript error: https://pagead2.googlesyndication.com/pagead/js/adsbygoogle.js?client=ca-pub-7452133798636650, line 96: TagError: adsbygoogle.push() error: Warning: Do not add multiple property codes with AdSense tag to avoid seeing unexpected behavior. These codes were found on the page ca-pub-7452133798636650, ca-pub-1761537410694296
JavaScript error: https://www.antaranews.com/berita/4580206/dokter-mbg-ibu-hamil-bonus-tambahan-untuk-penuhi-gizi-harian line 527 > injectedScript, line 1: TypeError: document.getElementsByClassName(...)[1] is undefined
JavaScript warning: https://pagead2.googlesyndication.com/bg/-ZrLev80KaSl5LH5OCbnZGHu6yLSb3tRGuwaxGVnUsM.js line 2 > eval line 1939 > eval line 1 > eval line 1 > eval, line 1: WEBGL_debug_renderer_info is deprecated in Firefox and will be removed. Please use RENDERER.
JavaScript error: https://pagead2.googlesyndication.com/pagead/js/adsbygoogle.js?client=ca-pub-6174445277446935, line 96: TagError: adsbygoogle.push() error: Warning: Do not add multiple property codes with AdSense tag to avoid seeing unexpected behavior. These codes were found on the page ca-pub-6174445277446935, ca-pub-7452133798636650
JavaScript error: https://pagead2.googlesyndication.com/pagead/js/adsbygoogle.js?client=ca-pub-6174445277446935, line 96: TagError: adsbygoogle.push() error: Warning: Do not add multiple property codes with AdSense tag to avoid seeing unexpected behavior. These codes were found on the page ca-pub-6174445277446935, ca-pub-7452133798636650
JavaScript error: https://pagead2.googlesyndication.com/pagead/js/adsbygoogle.js?client=ca-pub-6174445277446935, line 96: TagError: adsbygoogle.push() error: Warning: Do not add multiple property codes with AdSense tag to avoid seeing unexpected behavior. These codes were found on the page ca-pub-6174445277446935, ca-pub-7452133798636650
JavaScript error: https://pagead2.googlesyndication.com/pagead/js/adsbygoogle.js?client=ca-pub-6174445277446935, line 96: TagError: adsbygoogle.push() error: Warning: Do not add multiple property codes with AdSense tag to avoid seeing unexpected behavior. These codes were found on the page ca-pub-6174445277446935, ca-pub-7452133798636650
JavaScript error: https://www.antaranews.com/berita/4580202/cek-fakta-video-rumah-john-cena-selamat-dari-kebakaran-la line 527 > injectedScript, line 1: TypeError: document.getElementsByClassName(...)[1] is undefined
JavaScript warning: https://www.gstatic.com/_/mss/boq-subscribewithgoogle/_/js/k=boq-subscribewithgoogle.SubscribewithgoogleClientUi.en_US.ZzdxUVNv33g.es5.O/am=GAy4AQ/d=1/excm=_b,_tp,serviceiframeview/ed=1/dg=0/wt=2/ujg=1/rs=ABXTjI7Jlm0hXNIoG7lMWFrcFMN4WbAU5Q/m=_b,_tp, line 304: Script terminated by timeout at:
c@https://www.gstatic.com/_/mss/boq-subscribewithgoogle/_/js/k=boq-subscribewithgoogle.SubscribewithgoogleClientUi.en_US.ZzdxUVNv33g.es5.O/am=GAy4AQ/d=1/excm=_b,_tp,serviceiframeview/ed=1/dg=0/wt=2/ujg=1/rs=ABXTjI7Jlm0hXNIoG7lMWFrcFMN4WbAU5Q/m=_b,_tp:304:187
b@https://www.gstatic.com/_/mss/boq-subscribewithgoogle/_/js/k=boq-subscribewithgoogle.SubscribewithgoogleClientUi.en_US.ZzdxUVNv33g.es5.O/am=GAy4AQ/d=1/excm=_b,_tp,serviceiframeview/ed=1/dg=0/wt=2/ujg=1/rs=ABXTjI7Jlm0hXNIoG7lMWFrcFMN4WbAU5Q/m=_b,_tp:295:48

JavaScript error: https://pagead2.googlesyndication.com/pagead/js/adsbygoogle.js?client=ca-pub-6174445277446935, line 96: TagError: adsbygoogle.push() error: Warning: Do not add multiple property codes with AdSense tag to avoid seeing unexpected behavior. These codes were found on the page ca-pub-6174445277446935, ca-pub-1761537410694296
JavaScript error: https://pagead2.googlesyndication.com/pagead/js/adsbygoogle.js?client=ca-pub-6174445277446935, line 96: TagError: adsbygoogle.push() error: Warning: Do not add multiple property codes with AdSense tag to avoid seeing unexpected behavior. These codes were found on the page ca-pub-6174445277446935, ca-pub-1761537410694296
JavaScript error: https://pagead2.googlesyndication.com/pagead/js/adsbygoogle.js?client=ca-pub-6174445277446935, line 96: TagError: adsbygoogle.push() error: Warning: Do not add multiple property codes with AdSense tag to avoid seeing unexpected behavior. These codes were found on the page ca-pub-6174445277446935, ca-pub-1761537410694296
JavaScript error: https://pagead2.googlesyndication.com/pagead/js/adsbygoogle.js?client=ca-pub-6174445277446935, line 96: TagError: adsbygoogle.push() error: Warning: Do not add multiple property codes with AdSense tag to avoid seeing unexpected behavior. These codes were found on the page ca-pub-6174445277446935, ca-pub-1761537410694296
JavaScript error: https://www.antaranews.com/berita/4580198/jayson-tatum-cetak-38-poin-boston-celtics-kalahkan-pelicans-120-119 line 527 > injectedScript, line 1: TypeError: document.getElementsByClassName(...)[1] is undefined
JavaScript warning: https://www.gstatic.com/_/mss/boq-subscribewithgoogle/_/js/k=boq-subscribewithgoogle.SubscribewithgoogleClientUi.en_US.ZzdxUVNv33g.es5.O/am=GAy4AQ/d=1/excm=_b,_tp,serviceiframeview/ed=1/dg=0/wt=2/ujg=1/rs=ABXTjI7Jlm0hXNIoG7lMWFrcFMN4WbAU5Q/m=_b,_tp, line 304: Script terminated by timeout at:
c@https://www.gstatic.com/_/mss/boq-subscribewithgoogle/_/js/k=boq-subscribewithgoogle.SubscribewithgoogleClientUi.en_US.ZzdxUVNv33g.es5.O/am=GAy4AQ/d=1/excm=_b,_tp,serviceiframeview/ed=1/dg=0/wt=2/ujg=1/rs=ABXTjI7Jlm0hXNIoG7lMWFrcFMN4WbAU5Q/m=_b,_tp:304:187
b@https://www.gstatic.com/_/mss/boq-subscribewithgoogle/_/js/k=boq-subscribewithgoogle.SubscribewithgoogleClientUi.en_US.ZzdxUVNv33g.es5.O/am=GAy4AQ/d=1/excm=_b,_tp,serviceiframeview/ed=1/dg=0/wt=2/ujg=1/rs=ABXTjI7Jlm0hXNIoG7lMWFrcFMN4WbAU5Q/m=_b,_tp:295:48

JavaScript error: https://www.antaranews.com/berita/4580194/sekjen-kemendagri-atensi-harga-beras-yang-masih-di-atas-het line 527 > injectedScript, line 1: TypeError: document.getElementsByClassName(...)[1] is undefined
JavaScript warning: https://pagead2.googlesyndication.com/bg/-ZrLev80KaSl5LH5OCbnZGHu6yLSb3tRGuwaxGVnUsM.js line 2 > eval line 5737 > eval line 1 > eval line 1 > eval, line 1: WEBGL_debug_renderer_info is deprecated in Firefox and will be removed. Please use RENDERER.
JavaScript warning: https://www.gstatic.com/_/mss/boq-subscribewithgoogle/_/js/k=boq-subscribewithgoogle.SubscribewithgoogleClientUi.en_US.ZzdxUVNv33g.es5.O/ck=boq-subscribewithgoogle.SubscribewithgoogleClientUi.5ONYNYgrsmk.L.F4.O/am=GAy4AQ/d=1/exm=FCpbqb,LEikZe,P6sQOc,W93Wdc,WhJNk,Wt6vjf,_b,_tp,hhhU8/excm=_b,_tp,serviceiframeview/ed=1/wt=2/ujg=1/rs=ABXTjI6sr9shOt7qJbRmSVhtc53tJb2gYA/ee=EVNhjf:pw70Gc;EmZ2Bf:zr1jrb;JsbNhc:Xd8iUd;K5nYTd:ZDZcre;LBgRLc:SdcwHb;Me32dd:MEeYgc;NPKaK:SdcwHb;NSEoX:lazG7b;Pjplud:EEDORb;QGR0gd:Mlhmy;SNUn3:ZwDk9d;ScI3Yc:e7Hzgb;Uvc8o:VDovNc;YIZmRd:A1yn5d;a56pNe:JEfCwb;cEt90b:ws9Tlc;dIoSBb:SpsfSb;dowIGb:ebZ3mb;eBAeSb:zbML3c;iFQyKf:QIhFr;lOO0Vd:OTA3Ae;nAFL3:s39S4;oGtAuc:sOXFj;pXdRYb:MdUzUe;qafBPd:yDVVkb;qddgKe:xQtZb;wR5FRb:O1Gjze;xqZiqf:wmnU7d;yxTchf:KUM7Z;zxnPse:duFQFc/m=p3hmRc,LvGhrf,RqjULd, line 33: Script terminated by timeout at:
e@https://www.gstatic.com/_/mss/boq-subscribewithgoogle/_/js/k=boq-subscribewithgoogle.SubscribewithgoogleClientUi.en_US.ZzdxUVNv33g.es5.O/ck=boq-subscribewithgoogle.SubscribewithgoogleClientUi.5ONYNYgrsmk.L.F4.O/am=GAy4AQ/d=1/exm=FCpbqb,LEikZe,P6sQOc,W93Wdc,WhJNk,Wt6vjf,_b,_tp,hhhU8/excm=_b,_tp,serviceiframeview/ed=1/wt=2/ujg=1/rs=ABXTjI6sr9shOt7qJbRmSVhtc53tJb2gYA/ee=EVNhjf:pw70Gc;EmZ2Bf:zr1jrb;JsbNhc:Xd8iUd;K5nYTd:ZDZcre;LBgRLc:SdcwHb;Me32dd:MEeYgc;NPKaK:SdcwHb;NSEoX:lazG7b;Pjplud:EEDORb;QGR0gd:Mlhmy;SNUn3:ZwDk9d;ScI3Yc:e7Hzgb;Uvc8o:VDovNc;YIZmRd:A1yn5d;a56pNe:JEfCwb;cEt90b:ws9Tlc;dIoSBb:SpsfSb;dowIGb:ebZ3mb;eBAeSb:zbML3c;iFQyKf:QIhFr;lOO0Vd:OTA3Ae;nAFL3:s39S4;oGtAuc:sOXFj;pXdRYb:MdUzUe;qafBPd:yDVVkb;qddgKe:xQtZb;wR5FRb:O1Gjze;xqZiqf:wmnU7d;yxTchf:KUM7Z;zxnPse:duFQFc/m=p3hmRc,LvGhrf,RqjULd:33:438
Cia/</h<@https://www.gstatic.com/_/mss/boq-subscribewithgoogle/_/js/k=boq-subscribewithgoogle.SubscribewithgoogleClientUi.en_US.ZzdxUVNv33g.es5.O/ck=boq-subscribewithgoogle.SubscribewithgoogleClientUi.5ONYNYgrsmk.L.F4.O/am=GAy4AQ/d=1/exm=FCpbqb,LEikZe,P6sQOc,W93Wdc,WhJNk,Wt6vjf,_b,_tp,hhhU8/excm=_b,_tp,serviceiframeview/ed=1/wt=2/ujg=1/rs=ABXTjI6sr9shOt7qJbRmSVhtc53tJb2gYA/ee=EVNhjf:pw70Gc;EmZ2Bf:zr1jrb;JsbNhc:Xd8iUd;K5nYTd:ZDZcre;LBgRLc:SdcwHb;Me32dd:MEeYgc;NPKaK:SdcwHb;NSEoX:lazG7b;Pjplud:EEDORb;QGR0gd:Mlhmy;SNUn3:ZwDk9d;ScI3Yc:e7Hzgb;Uvc8o:VDovNc;YIZmRd:A1yn5d;a56pNe:JEfCwb;cEt90b:ws9Tlc;dIoSBb:SpsfSb;dowIGb:ebZ3mb;eBAeSb:zbML3c;iFQyKf:QIhFr;lOO0Vd:OTA3Ae;nAFL3:s39S4;oGtAuc:sOXFj;pXdRYb:MdUzUe;qafBPd:yDVVkb;qddgKe:xQtZb;wR5FRb:O1Gjze;xqZiqf:wmnU7d;yxTchf:KUM7Z;zxnPse:duFQFc/m=p3hmRc,LvGhrf,RqjULd:33:630
cK/<@https://www.gstatic.com/_/mss/boq-subscribewithgoogle/_/js/k=boq-subscribewithgoogle.SubscribewithgoogleClientUi.en_US.ZzdxUVNv33g.es5.O/ck=boq-subscribewithgoogle.SubscribewithgoogleClientUi.5ONYNYgrsmk.L.F4.O/am=GAy4AQ/d=1/exm=FCpbqb,LEikZe,P6sQOc,W93Wdc,WhJNk,Wt6vjf,_b,_tp,hhhU8/excm=_b,_tp,serviceiframeview/ed=1/wt=2/ujg=1/rs=ABXTjI6sr9shOt7qJbRmSVhtc53tJb2gYA/ee=EVNhjf:pw70Gc;EmZ2Bf:zr1jrb;JsbNhc:Xd8iUd;K5nYTd:ZDZcre;LBgRLc:SdcwHb;Me32dd:MEeYgc;NPKaK:SdcwHb;NSEoX:lazG7b;Pjplud:EEDORb;QGR0gd:Mlhmy;SNUn3:ZwDk9d;ScI3Yc:e7Hzgb;Uvc8o:VDovNc;YIZmRd:A1yn5d;a56pNe:JEfCwb;cEt90b:ws9Tlc;dIoSBb:SpsfSb;dowIGb:ebZ3mb;eBAeSb:zbML3c;iFQyKf:QIhFr;lOO0Vd:OTA3Ae;nAFL3:s39S4;oGtAuc:sOXFj;pXdRYb:MdUzUe;qafBPd:yDVVkb;qddgKe:xQtZb;wR5FRb:O1Gjze;xqZiqf:wmnU7d;yxTchf:KUM7Z;zxnPse:duFQFc/m=p3hmRc,LvGhrf,RqjULd:26:892
bK/<@https://www.gstatic.com/_/mss/boq-subscribewithgoogle/_/js/k=boq-subscribewithgoogle.SubscribewithgoogleClientUi.en_US.ZzdxUVNv33g.es5.O/ck=boq-subscribewithgoogle.SubscribewithgoogleClientUi.5ONYNYgrsmk.L.F4.O/am=GAy4AQ/d=1/exm=FCpbqb,LEikZe,P6sQOc,W93Wdc,WhJNk,Wt6vjf,_b,_tp,hhhU8/excm=_b,_tp,serviceiframeview/ed=1/wt=2/ujg=1/rs=ABXTjI6sr9shOt7qJbRmSVhtc53tJb2gYA/ee=EVNhjf:pw70Gc;EmZ2Bf:zr1jrb;JsbNhc:Xd8iUd;K5nYTd:ZDZcre;LBgRLc:SdcwHb;Me32dd:MEeYgc;NPKaK:SdcwHb;NSEoX:lazG7b;Pjplud:EEDORb;QGR0gd:Mlhmy;SNUn3:ZwDk9d;ScI3Yc:e7Hzgb;Uvc8o:VDovNc;YIZmRd:A1yn5d;a56pNe:JEfCwb;cEt90b:ws9Tlc;dIoSBb:SpsfSb;dowIGb:ebZ3mb;eBAeSb:zbML3c;iFQyKf:QIhFr;lOO0Vd:OTA3Ae;nAFL3:s39S4;oGtAuc:sOXFj;pXdRYb:MdUzUe;qafBPd:yDVVkb;qddgKe:xQtZb;wR5FRb:O1Gjze;xqZiqf:wmnU7d;yxTchf:KUM7Z;zxnPse:duFQFc/m=p3hmRc,LvGhrf,RqjULd:26:835

JavaScript error: https://www.antaranews.com/berita/4580190/microsoft-gugat-kelompok-peretas-yang-membobol-sistem-cloud-ai line 527 > injectedScript, line 1: TypeError: document.getElementsByClassName(...)[1] is undefined
JavaScript error: resource:///modules/backup/BackupService.sys.mjs, line 108: NS_ERROR_FAILURE: Component returned failure code: 0x80004005 (NS_ERROR_FAILURE) [nsIProperties.get]
JavaScript warning: https://pagead2.googlesyndication.com/bg/-ZrLev80KaSl5LH5OCbnZGHu6yLSb3tRGuwaxGVnUsM.js line 2 > eval line 6944 > eval line 1 > eval line 1 > eval, line 1: WEBGL_debug_renderer_info is deprecated in Firefox and will be removed. Please use RENDERER.
JavaScript error: https://www.antaranews.com/berita/4580182/bksda-imbau-warga-mukomuko-tetap-mewaspadai-ancaman-harimau line 527 > injectedScript, line 1: TypeError: document.getElementsByClassName(...)[1] is undefined
JavaScript warning: https://pagead2.googlesyndication.com/bg/-ZrLev80KaSl5LH5OCbnZGHu6yLSb3tRGuwaxGVnUsM.js line 2 > eval line 1241 > eval line 1 > eval line 1 > eval, line 1: WEBGL_debug_renderer_info is deprecated in Firefox and will be removed. Please use RENDERER.
JavaScript error: https://pagead2.googlesyndication.com/pagead/js/adsbygoogle.js?client=ca-pub-7452133798636650, line 96: TagError: adsbygoogle.push() error: Warning: Do not add multiple property codes with AdSense tag to avoid seeing unexpected behavior. These codes were found on the page ca-pub-7452133798636650, ca-pub-6174445277446935
JavaScript error: https://pagead2.googlesyndication.com/pagead/js/adsbygoogle.js?client=ca-pub-7452133798636650, line 96: TagError: adsbygoogle.push() error: Warning: Do not add multiple property codes with AdSense tag to avoid seeing unexpected behavior. These codes were found on the page ca-pub-7452133798636650, ca-pub-6174445277446935
JavaScript error: https://pagead2.googlesyndication.com/pagead/js/adsbygoogle.js?client=ca-pub-7452133798636650, line 96: TagError: adsbygoogle.push() error: Warning: Do not add multiple property codes with AdSense tag to avoid seeing unexpected behavior. These codes were found on the page ca-pub-7452133798636650, ca-pub-6174445277446935
JavaScript error: https://pagead2.googlesyndication.com/pagead/js/adsbygoogle.js?client=ca-pub-7452133798636650, line 96: TagError: adsbygoogle.push() error: Warning: Do not add multiple property codes with AdSense tag to avoid seeing unexpected behavior. These codes were found on the page ca-pub-7452133798636650, ca-pub-6174445277446935
JavaScript error: https://www.antaranews.com/berita/4580178/rutinitas-malam-hari-yang-bantu-jaga-kesehatan-jantung line 527 > injectedScript, line 1: TypeError: document.getElementsByClassName(...)[1] is undefined
JavaScript warning: https://pagead2.googlesyndication.com/bg/-ZrLev80KaSl5LH5OCbnZGHu6yLSb3tRGuwaxGVnUsM.js line 2 > eval line 6243 > eval line 1 > eval line 1 > eval, line 1: WEBGL_debug_renderer_info is deprecated in Firefox and will be removed. Please use RENDERER.
JavaScript error: https://www.antaranews.com/berita/4580174/kepala-sekolah-sdn-14-duren-sawit-berharap-program-mbg-terus-berlanjut line 527 > injectedScript, line 1: TypeError: document.getElementsByClassName(...)[1] is undefined
JavaScript warning: https://pagead2.googlesyndication.com/bg/-ZrLev80KaSl5LH5OCbnZGHu6yLSb3tRGuwaxGVnUsM.js line 2 > eval line 6195 > eval line 1 > eval line 1 > eval, line 1: WEBGL_debug_renderer_info is deprecated in Firefox and will be removed. Please use RENDERER.
JavaScript error: https://pagead2.googlesyndication.com/pagead/js/adsbygoogle.js?client=ca-pub-1761537410694296, line 96: TagError: adsbygoogle.push() error: Warning: Do not add multiple property codes with AdSense tag to avoid seeing unexpected behavior. These codes were found on the page ca-pub-1761537410694296, ca-pub-6174445277446935
JavaScript error: https://pagead2.googlesyndication.com/pagead/js/adsbygoogle.js?client=ca-pub-1761537410694296, line 96: TagError: adsbygoogle.push() error: Warning: Do not add multiple property codes with AdSense tag to avoid seeing unexpected behavior. These codes were found on the page ca-pub-1761537410694296, ca-pub-6174445277446935
JavaScript error: https://pagead2.googlesyndication.com/pagead/js/adsbygoogle.js?client=ca-pub-1761537410694296, line 96: TagError: adsbygoogle.push() error: Warning: Do not add multiple property codes with AdSense tag to avoid seeing unexpected behavior. These codes were found on the page ca-pub-1761537410694296, ca-pub-6174445277446935
JavaScript error: https://pagead2.googlesyndication.com/pagead/js/adsbygoogle.js?client=ca-pub-1761537410694296, line 96: TagError: adsbygoogle.push() error: Warning: Do not add multiple property codes with AdSense tag to avoid seeing unexpected behavior. These codes were found on the page ca-pub-1761537410694296, ca-pub-6174445277446935
JavaScript error: https://www.antaranews.com/berita/4580170/pbnu-sebut-libatkan-umkm-pasok-bahan-makanan-program-mbg line 527 > injectedScript, line 1: TypeError: document.getElementsByClassName(...)[1] is undefined
JavaScript warning: https://pagead2.googlesyndication.com/bg/-ZrLev80KaSl5LH5OCbnZGHu6yLSb3tRGuwaxGVnUsM.js line 2 > eval line 4515 > eval line 1 > eval line 1 > eval, line 1: WEBGL_debug_renderer_info is deprecated in Firefox and will be removed. Please use RENDERER.
JavaScript error: https://www.antaranews.com/berita/4580166/pco-kerja-sama-mbg-ri-jepang-akan-didiskusikan-lintas-kementerian line 527 > injectedScript, line 1: TypeError: document.getElementsByClassName(...)[1] is undefined
JavaScript warning: https://pagead2.googlesyndication.com/bg/-ZrLev80KaSl5LH5OCbnZGHu6yLSb3tRGuwaxGVnUsM.js line 2 > eval line 6980 > eval line 1 > eval line 1 > eval, line 1: WEBGL_debug_renderer_info is deprecated in Firefox and will be removed. Please use RENDERER.
JavaScript error: https://www.antaranews.com/berita/4580162/menteri-investasi-kunjungi-iwip-di-malut-dukung-hilirisasi-nikel line 527 > injectedScript, line 1: TypeError: document.getElementsByClassName(...)[1] is undefined
1736750991583	Marionette	INFO	Stopped listening on port 39099
JavaScript warning: https://pagead2.googlesyndication.com/bg/-ZrLev80KaSl5LH5OCbnZGHu6yLSb3tRGuwaxGVnUsM.js line 2 > eval line 5973 > eval line 1 > eval line 1 > eval, line 1: WEBGL_debug_renderer_info is deprecated in Firefox and will be removed. Please use RENDERER.
